2025-03-13 12:58:54 INFO  FlightBookingTest:28 - Setup completed
2025-03-13 12:58:56 INFO  HomePage:41 - Navigated to Home Page: https://blazedemo.com/index.php
2025-03-13 12:58:56 INFO  HomePage:52 - Home Page title is displayed: true
2025-03-13 12:58:57 INFO  HomePage:67 - Clicked on 'destination of the week! The Beach!' link
2025-03-13 12:58:57 INFO  HomePage:99 - URL contains 'vacation'
2025-03-13 12:58:57 INFO  HomePage:106 - Navigated back to Home Page
2025-03-13 12:58:58 INFO  HomePage:121 - Selected departure city: Mexico City
2025-03-13 12:58:58 INFO  HomePage:127 - Selected destination city: London
2025-03-13 12:58:58 INFO  HomePage:132 - Clicked on 'Find Flights' button
2025-03-13 12:59:07 INFO  PurchasePage:43 - Page title is displayed: true
2025-03-13 12:59:08 INFO  PurchasePage:70 - Selected flight with lowest price: $200.98
2025-03-13 12:59:08 INFO  PurchasePage:85 - Purchase page is displayed: true
2025-03-13 12:59:08 INFO  PurchasePage:98 - Total Cost field is displayed with correct format: true
2025-03-13 12:59:09 INFO  PurchasePage:111 - Clicked on 'Purchase flight' button
2025-03-13 12:59:09 INFO  PurchaseConfirmationPage:37 - Page title is displayed: true
2025-03-13 12:59:09 INFO  PurchaseConfirmationPage:50 - ID value: 1741850948423
2025-03-13 12:59:09 INFO  FlightBookingTest:35 - Teardown completed
2025-03-13 13:00:29 INFO  FlightBookingTest:28 - Setup completed
2025-03-13 13:00:30 INFO  HomePage:41 - Navigated to Home Page: https://blazedemo.com/index.php
2025-03-13 13:00:30 INFO  HomePage:52 - Home Page title is displayed: true
2025-03-13 13:00:32 INFO  HomePage:67 - Clicked on 'destination of the week! The Beach!' link
2025-03-13 13:00:32 INFO  HomePage:99 - URL contains 'vacation'
2025-03-13 13:00:32 INFO  HomePage:106 - Navigated back to Home Page
2025-03-13 13:00:32 INFO  HomePage:121 - Selected departure city: Mexico City
2025-03-13 13:00:32 INFO  HomePage:127 - Selected destination city: London
2025-03-13 13:00:33 INFO  HomePage:132 - Clicked on 'Find Flights' button
2025-03-13 13:00:42 INFO  PurchasePage:43 - Page title is displayed: true
2025-03-13 13:00:43 INFO  PurchasePage:70 - Selected flight with lowest price: $200.98
2025-03-13 13:00:43 INFO  PurchasePage:85 - Purchase page is displayed: true
2025-03-13 13:00:43 INFO  PurchasePage:98 - Total Cost field is displayed with correct format: true
2025-03-13 13:00:44 INFO  PurchasePage:111 - Clicked on 'Purchase flight' button
2025-03-13 13:00:44 INFO  PurchaseConfirmationPage:37 - Page title is displayed: true
2025-03-13 13:00:44 INFO  PurchaseConfirmationPage:50 - ID value: 1741851043647
2025-03-13 13:00:44 INFO  FlightBookingTest:35 - Teardown completed
2025-03-13 13:01:27 INFO  FlightBookingTest:28 - Setup completed
2025-03-13 13:01:29 INFO  HomePage:41 - Navigated to Home Page: https://blazedemo.com/index.php
2025-03-13 13:01:29 INFO  HomePage:52 - Home Page title is displayed: true
2025-03-13 13:01:31 INFO  HomePage:67 - Clicked on 'destination of the week! The Beach!' link
2025-03-13 13:01:31 INFO  HomePage:99 - URL contains 'vacation'
2025-03-13 13:01:31 INFO  HomePage:106 - Navigated back to Home Page
2025-03-13 13:01:31 INFO  HomePage:121 - Selected departure city: Mexico City
2025-03-13 13:01:31 INFO  HomePage:127 - Selected destination city: London
2025-03-13 13:01:31 INFO  HomePage:132 - Clicked on 'Find Flights' button
2025-03-13 13:01:31 INFO  PurchasePage:43 - Page title is displayed: true
2025-03-13 13:01:32 INFO  PurchasePage:70 - Selected flight with lowest price: $200.98
2025-03-13 13:01:32 INFO  PurchasePage:85 - Purchase page is displayed: true
2025-03-13 13:01:32 INFO  PurchasePage:98 - Total Cost field is displayed with correct format: true
2025-03-13 13:01:33 INFO  PurchasePage:111 - Clicked on 'Purchase flight' button
2025-03-13 13:01:33 INFO  PurchaseConfirmationPage:37 - Page title is displayed: true
2025-03-13 13:01:33 INFO  PurchaseConfirmationPage:50 - ID value: 1741851092719
2025-03-13 13:01:33 INFO  FlightBookingTest:35 - Teardown completed
2025-03-13 13:06:42 INFO  FlightBookingTest:36 - Setup completed
2025-03-13 13:06:44 INFO  HomePage:41 - Navigated to Home Page: https://blazedemo.com/index.php
2025-03-13 13:06:44 INFO  HomePage:52 - Home Page title is displayed: true
2025-03-13 13:06:46 INFO  HomePage:67 - Clicked on 'destination of the week! The Beach!' link
2025-03-13 13:06:46 INFO  HomePage:99 - URL contains 'vacation'
2025-03-13 13:06:46 INFO  HomePage:106 - Navigated back to Home Page
2025-03-13 13:06:46 INFO  HomePage:121 - Selected departure city: Mexico City
2025-03-13 13:06:46 INFO  HomePage:127 - Selected destination city: London
2025-03-13 13:06:47 INFO  HomePage:132 - Clicked on 'Find Flights' button
2025-03-13 13:06:47 INFO  PurchasePage:43 - Page title is displayed: true
2025-03-13 13:06:47 INFO  PurchasePage:70 - Selected flight with lowest price: $200.98
2025-03-13 13:06:47 INFO  PurchasePage:85 - Purchase page is displayed: true
2025-03-13 13:06:58 ERROR PurchasePage:101 - Total Cost field is not displayed
org.openqa.selenium.TimeoutException: Expected condition failed: waiting for visibility of element located by By.xpath: //tem (tried for 10 second(s) with 500 milliseconds interval)
Build info: version: '4.29.0', revision: '5fc1ec94cb'
System info: os.name: 'Windows 11', os.arch: 'amd64', os.version: '10.0', java.version: '23.0.1'
Driver info: org.openqa.selenium.chrome.ChromeDriver
Capabilities {acceptInsecureCerts: false, browserName: chrome, browserVersion: 134.0.6998.36, chrome: {chromedriverVersion: 134.0.6998.88 (7e3d5c978c6d..., userDataDir: C:\Users\varad\AppData\Loca...}, fedcm:accounts: true, goog:chromeOptions: {debuggerAddress: localhost:51975}, networkConnectionEnabled: false, pageLoadStrategy: normal, platformName: windows, proxy: Proxy(), se:cdp: ws://localhost:51975/devtoo..., se:cdpVersion: 134.0.6998.36, setWindowRect: true, strictFileInteractability: false, timeouts: {implicit: 0, pageLoad: 300000, script: 30000}, unhandledPromptBehavior: dismiss and notify, webauthn:extension:credBlob: true, webauthn:extension:largeBlob: true, webauthn:extension:minPinLength: true, webauthn:extension:prf: true, webauthn:virtualAuthenticators: true}
Session ID: 45d5b0d365563dffa388c5af000896a6
	at org.openqa.selenium.support.ui.WebDriverWait.timeoutException(WebDriverWait.java:84) ~[selenium-support-4.29.0.jar:?]
	at org.openqa.selenium.support.ui.FluentWait.until(FluentWait.java:228) ~[selenium-support-4.29.0.jar:?]
	at com.PageClasses.PurchasePage.isTotalCostFieldDisplayed(PurchasePage.java:96) ~[classes/:?]
	at com.tests.FlightBookingTest.testFlightBooking(FlightBookingTest.java:70) ~[test-classes/:?]
	at jdk.internal.reflect.DirectMethodHandleAccessor.invoke(DirectMethodHandleAccessor.java:103) ~[?:?]
	at java.lang.reflect.Method.invoke(Method.java:580) ~[?:?]
	at org.testng.internal.MethodInvocationHelper.invokeMethod(MethodInvocationHelper.java:133) ~[testng-7.4.0.jar:7.4.0]
	at org.testng.internal.TestInvoker.invokeMethod(TestInvoker.java:598) ~[testng-7.4.0.jar:7.4.0]
	at org.testng.internal.TestInvoker.invokeTestMethod(TestInvoker.java:173) ~[testng-7.4.0.jar:7.4.0]
	at org.testng.internal.MethodRunner.runInSequence(MethodRunner.java:46) ~[testng-7.4.0.jar:7.4.0]
	at org.testng.internal.TestInvoker$MethodInvocationAgent.invoke(TestInvoker.java:824) ~[testng-7.4.0.jar:7.4.0]
	at org.testng.internal.TestInvoker.invokeTestMethods(TestInvoker.java:146) ~[testng-7.4.0.jar:7.4.0]
	at org.testng.internal.TestMethodWorker.invokeTestMethods(TestMethodWorker.java:146) ~[testng-7.4.0.jar:7.4.0]
	at org.testng.internal.TestMethodWorker.run(TestMethodWorker.java:128) ~[testng-7.4.0.jar:7.4.0]
	at java.util.ArrayList.forEach(ArrayList.java:1597) [?:?]
	at org.testng.TestRunner.privateRun(TestRunner.java:794) [testng-7.4.0.jar:7.4.0]
	at org.testng.TestRunner.run(TestRunner.java:596) [testng-7.4.0.jar:7.4.0]
	at org.testng.SuiteRunner.runTest(SuiteRunner.java:377) [testng-7.4.0.jar:7.4.0]
	at org.testng.SuiteRunner.runSequentially(SuiteRunner.java:371) [testng-7.4.0.jar:7.4.0]
	at org.testng.SuiteRunner.privateRun(SuiteRunner.java:332) [testng-7.4.0.jar:7.4.0]
	at org.testng.SuiteRunner.run(SuiteRunner.java:276) [testng-7.4.0.jar:7.4.0]
	at org.testng.SuiteRunnerWorker.runSuite(SuiteRunnerWorker.java:53) [testng-7.4.0.jar:7.4.0]
	at org.testng.SuiteRunnerWorker.run(SuiteRunnerWorker.java:96) [testng-7.4.0.jar:7.4.0]
	at org.testng.TestNG.runSuitesSequentially(TestNG.java:1212) [testng-7.4.0.jar:7.4.0]
	at org.testng.TestNG.runSuitesLocally(TestNG.java:1134) [testng-7.4.0.jar:7.4.0]
	at org.testng.TestNG.runSuites(TestNG.java:1063) [testng-7.4.0.jar:7.4.0]
	at org.testng.TestNG.run(TestNG.java:1031) [testng-7.4.0.jar:7.4.0]
	at org.apache.maven.surefire.testng.TestNGExecutor.run(TestNGExecutor.java:283) [surefire-testng-2.22.2.jar:2.22.2]
	at org.apache.maven.surefire.testng.TestNGXmlTestSuite.execute(TestNGXmlTestSuite.java:75) [surefire-testng-2.22.2.jar:2.22.2]
	at org.apache.maven.surefire.testng.TestNGProvider.invoke(TestNGProvider.java:120) [surefire-testng-2.22.2.jar:2.22.2]
	at org.apache.maven.surefire.booter.ForkedBooter.invokeProviderInSameClassLoader(ForkedBooter.java:384) [surefire-booter-2.22.2.jar:2.22.2]
	at org.apache.maven.surefire.booter.ForkedBooter.runSuitesInProcess(ForkedBooter.java:345) [surefire-booter-2.22.2.jar:2.22.2]
	at org.apache.maven.surefire.booter.ForkedBooter.execute(ForkedBooter.java:126) [surefire-booter-2.22.2.jar:2.22.2]
	at org.apache.maven.surefire.booter.ForkedBooter.main(ForkedBooter.java:418) [surefire-booter-2.22.2.jar:2.22.2]
2025-03-13 13:06:58 ERROR FlightBookingTest:103 - Failed to capture screenshot
java.io.FileNotFoundException: screenshots\testFlightBooking_20250313130658.png (The system cannot find the path specified)
	at java.io.FileOutputStream.open0(Native Method) ~[?:?]
	at java.io.FileOutputStream.open(FileOutputStream.java:295) ~[?:?]
	at java.io.FileOutputStream.<init>(FileOutputStream.java:237) ~[?:?]
	at java.io.FileOutputStream.<init>(FileOutputStream.java:185) ~[?:?]
	at org.openqa.selenium.io.FileHandler.copyFile(FileHandler.java:133) ~[selenium-os-4.29.0.jar:?]
	at org.openqa.selenium.io.FileHandler.copy(FileHandler.java:112) ~[selenium-os-4.29.0.jar:?]
	at com.tests.FlightBookingTest.captureScreenshot(FlightBookingTest.java:100) ~[test-classes/:?]
	at com.listeners.ScreenshotListener.onTestFailure(ScreenshotListener.java:15) ~[test-classes/:?]
	at org.testng.internal.TestListenerHelper.runTestListeners(TestListenerHelper.java:96) ~[testng-7.4.0.jar:7.4.0]
	at org.testng.internal.TestInvoker.runTestResultListener(TestInvoker.java:219) ~[testng-7.4.0.jar:7.4.0]
	at org.testng.internal.TestInvoker.invokeMethod(TestInvoker.java:656) ~[testng-7.4.0.jar:7.4.0]
	at org.testng.internal.TestInvoker.invokeTestMethod(TestInvoker.java:173) ~[testng-7.4.0.jar:7.4.0]
	at org.testng.internal.MethodRunner.runInSequence(MethodRunner.java:46) ~[testng-7.4.0.jar:7.4.0]
	at org.testng.internal.TestInvoker$MethodInvocationAgent.invoke(TestInvoker.java:824) ~[testng-7.4.0.jar:7.4.0]
	at org.testng.internal.TestInvoker.invokeTestMethods(TestInvoker.java:146) ~[testng-7.4.0.jar:7.4.0]
	at org.testng.internal.TestMethodWorker.invokeTestMethods(TestMethodWorker.java:146) ~[testng-7.4.0.jar:7.4.0]
	at org.testng.internal.TestMethodWorker.run(TestMethodWorker.java:128) ~[testng-7.4.0.jar:7.4.0]
	at java.util.ArrayList.forEach(ArrayList.java:1597) [?:?]
	at org.testng.TestRunner.privateRun(TestRunner.java:794) [testng-7.4.0.jar:7.4.0]
	at org.testng.TestRunner.run(TestRunner.java:596) [testng-7.4.0.jar:7.4.0]
	at org.testng.SuiteRunner.runTest(SuiteRunner.java:377) [testng-7.4.0.jar:7.4.0]
	at org.testng.SuiteRunner.runSequentially(SuiteRunner.java:371) [testng-7.4.0.jar:7.4.0]
	at org.testng.SuiteRunner.privateRun(SuiteRunner.java:332) [testng-7.4.0.jar:7.4.0]
	at org.testng.SuiteRunner.run(SuiteRunner.java:276) [testng-7.4.0.jar:7.4.0]
	at org.testng.SuiteRunnerWorker.runSuite(SuiteRunnerWorker.java:53) [testng-7.4.0.jar:7.4.0]
	at org.testng.SuiteRunnerWorker.run(SuiteRunnerWorker.java:96) [testng-7.4.0.jar:7.4.0]
	at org.testng.TestNG.runSuitesSequentially(TestNG.java:1212) [testng-7.4.0.jar:7.4.0]
	at org.testng.TestNG.runSuitesLocally(TestNG.java:1134) [testng-7.4.0.jar:7.4.0]
	at org.testng.TestNG.runSuites(TestNG.java:1063) [testng-7.4.0.jar:7.4.0]
	at org.testng.TestNG.run(TestNG.java:1031) [testng-7.4.0.jar:7.4.0]
	at org.apache.maven.surefire.testng.TestNGExecutor.run(TestNGExecutor.java:283) [surefire-testng-2.22.2.jar:2.22.2]
	at org.apache.maven.surefire.testng.TestNGXmlTestSuite.execute(TestNGXmlTestSuite.java:75) [surefire-testng-2.22.2.jar:2.22.2]
	at org.apache.maven.surefire.testng.TestNGProvider.invoke(TestNGProvider.java:120) [surefire-testng-2.22.2.jar:2.22.2]
	at org.apache.maven.surefire.booter.ForkedBooter.invokeProviderInSameClassLoader(ForkedBooter.java:384) [surefire-booter-2.22.2.jar:2.22.2]
	at org.apache.maven.surefire.booter.ForkedBooter.runSuitesInProcess(ForkedBooter.java:345) [surefire-booter-2.22.2.jar:2.22.2]
	at org.apache.maven.surefire.booter.ForkedBooter.execute(ForkedBooter.java:126) [surefire-booter-2.22.2.jar:2.22.2]
	at org.apache.maven.surefire.booter.ForkedBooter.main(ForkedBooter.java:418) [surefire-booter-2.22.2.jar:2.22.2]
2025-03-13 13:06:59 INFO  FlightBookingTest:43 - Teardown completed
2025-03-13 13:12:00 INFO  FlightBookingTest:36 - Setup completed
2025-03-13 13:12:06 INFO  HomePage:41 - Navigated to Home Page: https://blazedemo.com/index.php
2025-03-13 13:12:06 INFO  HomePage:52 - Home Page title is displayed: false
2025-03-13 13:12:06 INFO  FlightBookingTest:105 - Screenshot captured: C:\Users\varad\OneDrive\Desktop\Habitnu\demo\screenshots\testFlightBooking_20250313131206.png
2025-03-13 13:12:06 INFO  FlightBookingTest:43 - Teardown completed
2025-03-13 13:12:37 INFO  FlightBookingTest:36 - Setup completed
2025-03-13 13:12:39 INFO  HomePage:41 - Navigated to Home Page: https://blazedemo.com/index.php
2025-03-13 13:12:39 INFO  HomePage:52 - Home Page title is displayed: true
2025-03-13 13:12:41 INFO  HomePage:67 - Clicked on 'destination of the week! The Beach!' link
2025-03-13 13:12:41 INFO  HomePage:99 - URL contains 'vacation'
2025-03-13 13:12:41 INFO  HomePage:106 - Navigated back to Home Page
2025-03-13 13:12:41 INFO  HomePage:121 - Selected departure city: Mexico City
2025-03-13 13:12:41 INFO  HomePage:127 - Selected destination city: London
2025-03-13 13:12:42 INFO  HomePage:132 - Clicked on 'Find Flights' button
2025-03-13 13:12:42 INFO  PurchasePage:43 - Page title is displayed: true
2025-03-13 13:12:43 INFO  PurchasePage:70 - Selected flight with lowest price: $200.98
2025-03-13 13:12:43 INFO  PurchasePage:85 - Purchase page is displayed: true
2025-03-13 13:12:43 INFO  PurchasePage:98 - Total Cost field is displayed with correct format: true
2025-03-13 13:12:43 INFO  PurchasePage:111 - Clicked on 'Purchase flight' button
2025-03-13 13:12:43 INFO  PurchaseConfirmationPage:37 - Page title is displayed: true
2025-03-13 13:12:43 INFO  PurchaseConfirmationPage:50 - ID value: 1741851763293
2025-03-13 13:12:44 INFO  FlightBookingTest:43 - Teardown completed
2025-03-13 13:19:34 INFO  FlightBookingTest:36 - Setup completed
2025-03-13 13:19:37 INFO  HomePage:41 - Navigated to Home Page: https://blazedemo.com/index.php
2025-03-13 13:19:37 INFO  HomePage:52 - Home Page title is displayed: true
2025-03-13 13:19:38 INFO  HomePage:67 - Clicked on 'destination of the week! The Beach!' link
2025-03-13 13:19:38 INFO  HomePage:99 - URL contains 'vacation'
2025-03-13 13:19:39 INFO  HomePage:106 - Navigated back to Home Page
2025-03-13 13:19:39 INFO  HomePage:121 - Selected departure city: Mexico City
2025-03-13 13:19:39 INFO  HomePage:127 - Selected destination city: London
2025-03-13 13:19:39 INFO  HomePage:132 - Clicked on 'Find Flights' button
2025-03-13 13:19:39 INFO  PurchasePage:43 - Page title is displayed: true
2025-03-13 13:19:40 INFO  PurchasePage:70 - Selected flight with lowest price: $200.98
2025-03-13 13:19:40 INFO  PurchasePage:85 - Purchase page is displayed: true
2025-03-13 13:19:40 INFO  PurchasePage:98 - Total Cost field is displayed with correct format: true
2025-03-13 13:19:41 INFO  PurchasePage:111 - Clicked on 'Purchase flight' button
2025-03-13 13:19:41 INFO  PurchaseConfirmationPage:37 - Page title is displayed: true
2025-03-13 13:19:41 INFO  PurchaseConfirmationPage:50 - ID value: 1741852180349
2025-03-13 13:19:41 INFO  FlightBookingTest:43 - Teardown completed
2025-03-13 13:20:26 INFO  FlightBookingTest:36 - Setup completed
2025-03-13 13:20:33 INFO  HomePage:41 - Navigated to Home Page: https://blazedemo.com/index.php
2025-03-13 13:20:33 INFO  HomePage:52 - Home Page title is displayed: true
2025-03-13 13:20:34 INFO  HomePage:67 - Clicked on 'destination of the week! The Beach!' link
2025-03-13 13:20:34 INFO  HomePage:99 - URL contains 'vacation'
2025-03-13 13:20:34 INFO  HomePage:106 - Navigated back to Home Page
2025-03-13 13:20:34 INFO  HomePage:121 - Selected departure city: Mexico City
2025-03-13 13:20:34 INFO  HomePage:127 - Selected destination city: London
2025-03-13 13:20:35 INFO  HomePage:132 - Clicked on 'Find Flights' button
2025-03-13 13:20:35 INFO  PurchasePage:43 - Page title is displayed: true
2025-03-13 13:20:36 INFO  PurchasePage:70 - Selected flight with lowest price: $200.98
2025-03-13 13:20:36 INFO  PurchasePage:85 - Purchase page is displayed: true
2025-03-13 13:20:36 INFO  PurchasePage:98 - Total Cost field is displayed with correct format: true
2025-03-13 13:20:37 INFO  PurchasePage:111 - Clicked on 'Purchase flight' button
2025-03-13 13:20:37 INFO  PurchaseConfirmationPage:37 - Page title is displayed: true
2025-03-13 13:20:37 INFO  PurchaseConfirmationPage:50 - ID value: 1741852236831
2025-03-13 13:20:37 INFO  FlightBookingTest:43 - Teardown completed
2025-03-13 13:38:06 INFO  FlightBookingTest:37 - Setup completed
2025-03-13 13:38:10 INFO  HomePage:41 - Navigated to Home Page: https://blazedemo.com/index.php
2025-03-13 13:38:10 INFO  HomePage:52 - Home Page title is displayed: true
2025-03-13 13:38:12 INFO  HomePage:67 - Clicked on 'destination of the week! The Beach!' link
2025-03-13 13:38:12 INFO  HomePage:99 - URL contains 'vacation'
2025-03-13 13:38:12 INFO  HomePage:106 - Navigated back to Home Page
2025-03-13 13:38:12 INFO  HomePage:121 - Selected departure city: Mexico City
2025-03-13 13:38:12 INFO  HomePage:127 - Selected destination city: London
2025-03-13 13:38:13 INFO  HomePage:132 - Clicked on 'Find Flights' button
2025-03-13 13:38:13 INFO  PurchasePage:43 - Page title is displayed: true
2025-03-13 13:38:14 INFO  PurchasePage:70 - Selected flight with lowest price: $200.98
2025-03-13 13:38:14 INFO  PurchasePage:85 - Purchase page is displayed: true
2025-03-13 13:38:14 INFO  PurchasePage:98 - Total Cost field is displayed with correct format: true
2025-03-13 13:38:14 INFO  PurchasePage:111 - Clicked on 'Purchase flight' button
2025-03-13 13:38:14 INFO  PurchaseConfirmationPage:37 - Page title is displayed: true
2025-03-13 13:38:14 INFO  PurchaseConfirmationPage:50 - ID value: 1741853294487
2025-03-13 13:38:15 INFO  HomePage:41 - Navigated to Home Page: https://blazedemo.com/index.php
2025-03-13 13:38:15 INFO  HomePage:52 - Home Page title is displayed: true
2025-03-13 13:38:16 INFO  HomePage:67 - Clicked on 'destination of the week! The Beach!' link
2025-03-13 13:38:16 INFO  HomePage:99 - URL contains 'vacation'
2025-03-13 13:38:16 INFO  HomePage:106 - Navigated back to Home Page
2025-03-13 13:38:16 INFO  HomePage:121 - Selected departure city: Boston
2025-03-13 13:38:16 INFO  HomePage:127 - Selected destination city: Berlin
2025-03-13 13:38:17 INFO  HomePage:132 - Clicked on 'Find Flights' button
2025-03-13 13:38:17 INFO  PurchasePage:43 - Page title is displayed: true
2025-03-13 13:38:17 INFO  PurchasePage:70 - Selected flight with lowest price: $200.98
2025-03-13 13:38:17 INFO  PurchasePage:85 - Purchase page is displayed: true
2025-03-13 13:38:17 INFO  PurchasePage:98 - Total Cost field is displayed with correct format: true
2025-03-13 13:38:18 INFO  PurchasePage:111 - Clicked on 'Purchase flight' button
2025-03-13 13:38:18 INFO  PurchaseConfirmationPage:37 - Page title is displayed: true
2025-03-13 13:38:18 INFO  PurchaseConfirmationPage:50 - ID value: 1741853298607
2025-03-13 13:38:19 INFO  FlightBookingTest:44 - Teardown completed
